star
[master 6baeecb] init
 1 files changed, 3 insertions(+), 3 deletions(-)
[master 118bf4e] init
 1 files changed, 3 insertions(+), 3 deletions(-)
[master 440fe09] init
 1 files changed, 3 insertions(+), 3 deletions(-)
[master 9df44f9] init
 1 files changed, 3 insertions(+), 3 deletions(-)
[master e796645] init
 1 files changed, 3 insertions(+), 3 deletions(-)
[master d9ce148] init
 1 files changed, 3 insertions(+), 3 deletions(-)
[master 028c219] init
 1 files changed, 3 insertions(+), 3 deletions(-)
[master 532ded3] init
 1 files changed, 3 insertions(+), 3 deletions(-)
[master 716bb22] init
 1 files changed, 3 insertions(+), 3 deletions(-)
[master ae333a3] init
 1 files changed, 3 insertions(+), 3 deletions(-)
[master 62779ba] init
 1 files changed, 3 insertions(+), 3 deletions(-)
[master 5df77f0] init
 1 files changed, 3 insertions(+), 3 deletions(-)
[master 9305ec8] init
 1 files changed, 3 insertions(+), 3 deletions(-)
[master 3a8d5c9] init
 1 files changed, 3 insertions(+), 3 deletions(-)
[master 4e82f14] init
 1 files changed, 3 insertions(+), 3 deletions(-)
[master 23c8fd5] init
 1 files changed, 3 insertions(+), 3 deletions(-)
[master 9500159] init
 1 files changed, 3 insertions(+), 3 deletions(-)
[master 58d4e78] init
 1 files changed, 3 insertions(+), 3 deletions(-)
[master a391346] init
 1 files changed, 3 insertions(+), 3 deletions(-)
[master 46a766f] init
 1 files changed, 3 insertions(+), 3 deletions(-)
[master 014de18] init
 1 files changed, 3 insertions(+), 3 deletions(-)
[master 7c37f29] init
 1 files changed, 3 insertions(+), 3 deletions(-)
[master 3a02c4d] init
 1 files changed, 3 insertions(+), 3 deletions(-)
[master c364c92] init
 1 files changed, 3 insertions(+), 3 deletions(-)
[master fd52b26] init
 1 files changed, 3 insertions(+), 3 deletions(-)
[master 134f763] init
 1 files changed, 3 insertions(+), 3 deletions(-)
[master fd77434] init
 1 files changed, 3 insertions(+), 3 deletions(-)
[master b6d7f88] init
 1 files changed, 3 insertions(+), 3 deletions(-)
[master 7c66bab] init
 1 files changed, 3 insertions(+), 3 deletions(-)
# On branch master
nothing to commit (working directory clean)
# On branch master
nothing to commit (working directory clean)
# On branch master
nothing to commit (working directory clean)
Already up-to-date.
[master b668885] init
 1 files changed, 5 insertions(+), 5 deletions(-)
Already up-to-date.
[master c099893] init
 1 files changed, 5 insertions(+), 5 deletions(-)
Already up-to-date.
[master f622910] init
 1 files changed, 5 insertions(+), 5 deletions(-)
Already up-to-date.
[master 044bff5] init
 1 files changed, 5 insertions(+), 5 deletions(-)
Already up-to-date.
[master cd60213] init
 1 files changed, 5 insertions(+), 5 deletions(-)
Already up-to-date.
[master ba0fc5e] init
 1 files changed, 17 insertions(+), 17 deletions(-)
Already up-to-date.
[master 300da23] init
 1 files changed, 5 insertions(+), 5 deletions(-)
Already up-to-date.
[master 6087675] init
 1 files changed, 5 insertions(+), 5 deletions(-)
Already up-to-date.
[master 3b40b3c] init
 1 files changed, 4 insertions(+), 4 deletions(-)
Already up-to-date.
[master 385ff04] init
 1 files changed, 4 insertions(+), 4 deletions(-)
Already up-to-date.
[master 4842e7c] init
 1 files changed, 4 insertions(+), 4 deletions(-)
Already up-to-date.
# On branch master
nothing to commit (working directory clean)
Already up-to-date.
# On branch master
nothing to commit (working directory clean)
Already up-to-date.
[master 4f2371d] init
 1 files changed, 4 insertions(+), 4 deletions(-)
Already up-to-date.
[master a090273] init
 1 files changed, 4 insertions(+), 4 deletions(-)
Already up-to-date.
[master 966e238] init
 1 files changed, 4 insertions(+), 4 deletions(-)
Already up-to-date.
[master eeb2d8e] init
 1 files changed, 4 insertions(+), 4 deletions(-)
Already up-to-date.
[master c263e0f] init
 1 files changed, 6 insertions(+), 6 deletions(-)
Already up-to-date.
[master f8cb68f] init
 1 files changed, 4 insertions(+), 4 deletions(-)
Already up-to-date.
[master bd5253b] init
 1 files changed, 4 insertions(+), 4 deletions(-)
Already up-to-date.
[master 9f206db] init
 1 files changed, 4 insertions(+), 4 deletions(-)
Already up-to-date.
[master 1151a30] init
 1 files changed, 4 insertions(+), 4 deletions(-)
Already up-to-date.
[master 32ffc8c] init
 1 files changed, 4 insertions(+), 4 deletions(-)
Already up-to-date.
[master d3a6eff] init
 1 files changed, 6 insertions(+), 6 deletions(-)
Already up-to-date.
[master eae71bd] init
 1 files changed, 4 insertions(+), 4 deletions(-)
Already up-to-date.
[master ff00547] init
 1 files changed, 4 insertions(+), 4 deletions(-)
Already up-to-date.
[master 7c85e8a] init
 1 files changed, 4 insertions(+), 4 deletions(-)
Already up-to-date.
[master 905925a] init
 1 files changed, 4 insertions(+), 4 deletions(-)
Already up-to-date.
[master 2f63120] init
 1 files changed, 4 insertions(+), 4 deletions(-)
Already up-to-date.
[master a7d16f6] init
 1 files changed, 4 insertions(+), 4 deletions(-)
Already up-to-date.
[master 309f50f] init
 1 files changed, 4 insertions(+), 4 deletions(-)
Already up-to-date.
[master 91b9f50] init
 1 files changed, 4 insertions(+), 4 deletions(-)
Already up-to-date.
[master edd0645] init
 1 files changed, 4 insertions(+), 4 deletions(-)
Already up-to-date.
[master 9e6de7a] init
 1 files changed, 4 insertions(+), 4 deletions(-)
Already up-to-date.
[master ee015ad] init
 1 files changed, 4 insertions(+), 4 deletions(-)
Already up-to-date.
[master 1c23290] init
 1 files changed, 4 insertions(+), 4 deletions(-)
Already up-to-date.
[master 36d46d7] init
 1 files changed, 4 insertions(+), 4 deletions(-)
Already up-to-date.
[master 74484d2] init
 1 files changed, 4 insertions(+), 4 deletions(-)
Already up-to-date.
[master 4e565bd] init
 1 files changed, 4 insertions(+), 4 deletions(-)
Already up-to-date.
[master 622200f] init
 1 files changed, 4 insertions(+), 4 deletions(-)
Already up-to-date.
[master c5783d7] init
 1 files changed, 4 insertions(+), 4 deletions(-)
Already up-to-date.
[master 8a4f8e4] init
 1 files changed, 4 insertions(+), 4 deletions(-)
Already up-to-date.
[master 3e75d47] init
 1 files changed, 4 insertions(+), 4 deletions(-)
Already up-to-date.
[master a614d95] init
 1 files changed, 4 insertions(+), 4 deletions(-)
Already up-to-date.
[master 6442a15] init
 1 files changed, 8 insertions(+), 8 deletions(-)
Already up-to-date.
[master 7462872] init
 1 files changed, 4 insertions(+), 4 deletions(-)
Already up-to-date.
[master 2cf10be] init
 1 files changed, 4 insertions(+), 4 deletions(-)
Already up-to-date.
[master 35ec124] init
 1 files changed, 4 insertions(+), 4 deletions(-)
Already up-to-date.
[master bdfc02e] init
 1 files changed, 4 insertions(+), 4 deletions(-)
Already up-to-date.
[master fed9958] init
 1 files changed, 4 insertions(+), 4 deletions(-)
Already up-to-date.
[master f3a47bd] init
 1 files changed, 4 insertions(+), 4 deletions(-)
Already up-to-date.
[master 3ab6c36] init
 1 files changed, 4 insertions(+), 4 deletions(-)
Already up-to-date.
[master b33a515] init
 1 files changed, 4 insertions(+), 4 deletions(-)
Already up-to-date.
[master 5094da1] init
 1 files changed, 4 insertions(+), 4 deletions(-)
Already up-to-date.
[master 45499fe] init
 1 files changed, 4 insertions(+), 4 deletions(-)
Already up-to-date.
[master e22f267] init
 1 files changed, 4 insertions(+), 4 deletions(-)
Already up-to-date.
[master 159e97e] init
 1 files changed, 4 insertions(+), 4 deletions(-)
Already up-to-date.
[master 1d46ed2] init
 1 files changed, 4 insertions(+), 4 deletions(-)
Already up-to-date.
[master 502ab7f] init
 1 files changed, 4 insertions(+), 4 deletions(-)
Already up-to-date.
[master 35e2c8e] init
 1 files changed, 4 insertions(+), 4 deletions(-)
Already up-to-date.
[master adff165] init
 1 files changed, 4 insertions(+), 4 deletions(-)
Already up-to-date.
[master 9888d0d] init
 1 files changed, 4 insertions(+), 4 deletions(-)
Already up-to-date.
[master 9624c79] init
 1 files changed, 4 insertions(+), 4 deletions(-)
Already up-to-date.
[master 788d889] init
 1 files changed, 4 insertions(+), 4 deletions(-)
Already up-to-date.
[master 893dab5] init
 1 files changed, 4 insertions(+), 4 deletions(-)
Already up-to-date.
[master 27ca49c] init
 1 files changed, 4 insertions(+), 4 deletions(-)
Already up-to-date.
[master 82257ec] init
 1 files changed, 4 insertions(+), 4 deletions(-)
Already up-to-date.
[master ef00b28] init
 1 files changed, 10 insertions(+), 10 deletions(-)
Already up-to-date.
[master 6fc1ef0] init
 1 files changed, 4 insertions(+), 4 deletions(-)
Already up-to-date.
[master aa47429] init
 1 files changed, 4 insertions(+), 4 deletions(-)
Already up-to-date.
[master 55a4075] init
 1 files changed, 4 insertions(+), 4 deletions(-)
Already up-to-date.
[master 0a0169a] init
 1 files changed, 4 insertions(+), 4 deletions(-)
Already up-to-date.
[master 9bce67e] init
 1 files changed, 4 insertions(+), 4 deletions(-)
Already up-to-date.
[master f7fd57e] init
 1 files changed, 4 insertions(+), 4 deletions(-)
Already up-to-date.
[master 3aaff18] init
 1 files changed, 8 insertions(+), 8 deletions(-)
Already up-to-date.
[master 3eb3883] init
 1 files changed, 4 insertions(+), 4 deletions(-)
Already up-to-date.
[master 450d354] init
 1 files changed, 4 insertions(+), 4 deletions(-)
Already up-to-date.
[master daeec90] init
 1 files changed, 4 insertions(+), 4 deletions(-)
Already up-to-date.
[master b393cc1] init
 1 files changed, 4 insertions(+), 4 deletions(-)
Already up-to-date.
[master c6f9b9c] init
 1 files changed, 4 insertions(+), 4 deletions(-)
Already up-to-date.
[master d5115ad] init
 1 files changed, 4 insertions(+), 4 deletions(-)
Already up-to-date.
[master ee30563] init
 1 files changed, 4 insertions(+), 4 deletions(-)
Already up-to-date.
[master 25321fa] init
 1 files changed, 4 insertions(+), 4 deletions(-)
Already up-to-date.
[master 37bce21] init
 1 files changed, 4 insertions(+), 4 deletions(-)
Already up-to-date.
[master 5660f95] init
 1 files changed, 4 insertions(+), 4 deletions(-)
Already up-to-date.
[master 5281812] init
 1 files changed, 4 insertions(+), 4 deletions(-)
Already up-to-date.
[master 2b62bf2] init
 1 files changed, 4 insertions(+), 4 deletions(-)
Already up-to-date.
[master 8b4429a] init
 1 files changed, 4 insertions(+), 4 deletions(-)
Already up-to-date.
Already up-to-date.
[master 20d86b4] init
 1 files changed, 4 insertions(+), 4 deletions(-)
[master f4bc150] init
 1 files changed, 4 insertions(+), 4 deletions(-)
Already up-to-date.
[master bf0934f] init
 1 files changed, 4 insertions(+), 4 deletions(-)
Already up-to-date.
[master 2d18c61] init
 1 files changed, 4 insertions(+), 4 deletions(-)
Already up-to-date.
[master 73977b4] init
 1 files changed, 4 insertions(+), 4 deletions(-)
Already up-to-date.
[master 56dbeeb] init
 1 files changed, 4 insertions(+), 4 deletions(-)
Already up-to-date.
[master 26ac91d] init
 1 files changed, 4 insertions(+), 4 deletions(-)
Already up-to-date.
[master 14151b5] init
 1 files changed, 4 insertions(+), 4 deletions(-)
Already up-to-date.
[master e261902] init
 1 files changed, 4 insertions(+), 4 deletions(-)
Already up-to-date.
[master 4654346] init
 1 files changed, 4 insertions(+), 4 deletions(-)
Already up-to-date.
[master 4a71901] init
 1 files changed, 4 insertions(+), 4 deletions(-)
Already up-to-date.
[master 1766bec] init
 1 files changed, 4 insertions(+), 4 deletions(-)
Already up-to-date.
[master 531389e] init
 1 files changed, 4 insertions(+), 4 deletions(-)
Already up-to-date.
[master 90e9fb7] init
 1 files changed, 4 insertions(+), 4 deletions(-)
Already up-to-date.
[master 6922653] init
 1 files changed, 4 insertions(+), 4 deletions(-)
Already up-to-date.
[master 0c8f253] init
 1 files changed, 4 insertions(+), 4 deletions(-)
Already up-to-date.
[master 93572e9] init
 1 files changed, 4 insertions(+), 4 deletions(-)
Already up-to-date.
[master 8198ef9] init
 1 files changed, 4 insertions(+), 4 deletions(-)
Already up-to-date.
[master fda0181] init
 1 files changed, 4 insertions(+), 4 deletions(-)
Already up-to-date.
[master 55ed9d2] init
 1 files changed, 4 insertions(+), 4 deletions(-)
Already up-to-date.
[master 852776b] init
 1 files changed, 4 insertions(+), 4 deletions(-)
Already up-to-date.
[master 150946a] init
 1 files changed, 4 insertions(+), 4 deletions(-)
Already up-to-date.
[master 00c50bb] init
 1 files changed, 19 insertions(+), 21 deletions(-)
Already up-to-date.
[master b30b986] init
 1 files changed, 4 insertions(+), 4 deletions(-)
Already up-to-date.
[master d0ad723] init
 1 files changed, 4 insertions(+), 4 deletions(-)
Already up-to-date.
[master 921d9d1] init
 1 files changed, 4 insertions(+), 4 deletions(-)
Already up-to-date.
[master 5edebf3] init
 1 files changed, 4 insertions(+), 4 deletions(-)
Already up-to-date.
[master 7a5d4e0] init
 1 files changed, 4 insertions(+), 4 deletions(-)
Already up-to-date.
[master 3824dbb] init
 1 files changed, 21 insertions(+), 19 deletions(-)
Already up-to-date.
[master 519a437] init
 1 files changed, 4 insertions(+), 4 deletions(-)
Already up-to-date.
[master 8e050c1] init
 1 files changed, 4 insertions(+), 4 deletions(-)
Already up-to-date.
[master 843282c] init
 1 files changed, 4 insertions(+), 4 deletions(-)
Already up-to-date.
[master 1eb19c4] init
 1 files changed, 4 insertions(+), 4 deletions(-)
Already up-to-date.
[master 8a9614c] init
 1 files changed, 4 insertions(+), 4 deletions(-)
Already up-to-date.
[master 0656fba] init
 1 files changed, 4 insertions(+), 4 deletions(-)
Already up-to-date.
[master 28df677] init
 1 files changed, 4 insertions(+), 4 deletions(-)
Already up-to-date.
[master 68445e4] init
 1 files changed, 4 insertions(+), 4 deletions(-)
Already up-to-date.
[master 998a10b] init
 1 files changed, 4 insertions(+), 4 deletions(-)
Already up-to-date.
[master 5716cc5] init
 1 files changed, 4 insertions(+), 4 deletions(-)
Already up-to-date.
[master 15c2ea8] init
 1 files changed, 4 insertions(+), 4 deletions(-)
Already up-to-date.
[master 5100a96] init
 1 files changed, 4 insertions(+), 4 deletions(-)
Already up-to-date.
[master e7ccbf3] init
 1 files changed, 4 insertions(+), 4 deletions(-)
Already up-to-date.
[master aa1721d] init
 1 files changed, 4 insertions(+), 4 deletions(-)
Already up-to-date.
[master 4281f61] init
 1 files changed, 4 insertions(+), 4 deletions(-)
Already up-to-date.
[master c95255a] init
 1 files changed, 4 insertions(+), 4 deletions(-)
Already up-to-date.
[master 721ce5c] init
 1 files changed, 19 insertions(+), 21 deletions(-)
Already up-to-date.
[master 4b8cf74] init
 1 files changed, 4 insertions(+), 4 deletions(-)
Already up-to-date.
[master a0c770c] init
 1 files changed, 4 insertions(+), 4 deletions(-)
Already up-to-date.
[master b0cf23c] init
 1 files changed, 4 insertions(+), 4 deletions(-)
Already up-to-date.
[master f7c39af] init
 1 files changed, 4 insertions(+), 4 deletions(-)
Already up-to-date.
[master 353e332] init
 1 files changed, 21 insertions(+), 19 deletions(-)
Already up-to-date.
[master 5dd347b] init
 1 files changed, 4 insertions(+), 4 deletions(-)
Already up-to-date.
[master a0499a0] init
 1 files changed, 4 insertions(+), 4 deletions(-)
Already up-to-date.
[master 65cef4f] init
 1 files changed, 4 insertions(+), 4 deletions(-)
Already up-to-date.
[master 43247a5] init
 1 files changed, 4 insertions(+), 4 deletions(-)
Already up-to-date.
[master 647611b] init
 1 files changed, 4 insertions(+), 4 deletions(-)
Already up-to-date.
[master 358f309] init
 1 files changed, 4 insertions(+), 4 deletions(-)
Already up-to-date.
[master 97574b3] init
 1 files changed, 4 insertions(+), 4 deletions(-)
Already up-to-date.
[master 6ee6bb9] init
 1 files changed, 4 insertions(+), 4 deletions(-)
Already up-to-date.
[master 5fbf927] init
 1 files changed, 4 insertions(+), 4 deletions(-)
Already up-to-date.
[master c15cb1f] init
 1 files changed, 4 insertions(+), 4 deletions(-)
Already up-to-date.
[master 33f8958] init
 1 files changed, 4 insertions(+), 4 deletions(-)
Already up-to-date.
[master 116dc6f] init
 1 files changed, 4 insertions(+), 4 deletions(-)
Already up-to-date.
[master 39ffe8d] init
 1 files changed, 4 insertions(+), 4 deletions(-)
Already up-to-date.
[master 64f24a5] init
 1 files changed, 4 insertions(+), 4 deletions(-)
Already up-to-date.
[master d3e142d] init
 1 files changed, 4 insertions(+), 4 deletions(-)
Already up-to-date.
[master ec94683] init
 1 files changed, 4 insertions(+), 4 deletions(-)
Already up-to-date.
[master e359d72] init
 1 files changed, 4 insertions(+), 4 deletions(-)
Already up-to-date.
[master 0277bf4] init
 1 files changed, 4 insertions(+), 4 deletions(-)
Already up-to-date.
[master 3d7d3e2] init
 1 files changed, 4 insertions(+), 4 deletions(-)
Already up-to-date.
[master ef97732] init
 1 files changed, 4 insertions(+), 4 deletions(-)
Already up-to-date.
[master 51b8a1e] init
 1 files changed, 4 insertions(+), 4 deletions(-)
Already up-to-date.
[master 40465d2] init
 1 files changed, 4 insertions(+), 4 deletions(-)
Already up-to-date.
[master 552066b] init
 1 files changed, 4 insertions(+), 4 deletions(-)
Already up-to-date.
[master 7a0386c] init
 1 files changed, 4 insertions(+), 4 deletions(-)
Already up-to-date.
[master f89f3ca] init
 1 files changed, 4 insertions(+), 4 deletions(-)
Already up-to-date.
[master fce1674] init
 1 files changed, 4 insertions(+), 4 deletions(-)
Already up-to-date.
[master 5796668] init
 1 files changed, 4 insertions(+), 4 deletions(-)
Already up-to-date.
[master 301b376] init
 1 files changed, 4 insertions(+), 4 deletions(-)
Already up-to-date.
[master 4c0b999] init
 1 files changed, 9 insertions(+), 9 deletions(-)
Already up-to-date.
[master d98a470] init
 1 files changed, 4 insertions(+), 4 deletions(-)
Already up-to-date.
[master 454ed2e] init
 1 files changed, 4 insertions(+), 4 deletions(-)
Already up-to-date.
[master 96c4272] init
 1 files changed, 4 insertions(+), 4 deletions(-)
Already up-to-date.
[master c86d8f6] init
 1 files changed, 4 insertions(+), 4 deletions(-)
Already up-to-date.
[master fbeeb0b] init
 1 files changed, 9 insertions(+), 9 deletions(-)
Already up-to-date.
[master 32dd0ab] init
 1 files changed, 4 insertions(+), 4 deletions(-)
Already up-to-date.
[master 4889805] init
 1 files changed, 4 insertions(+), 4 deletions(-)
Already up-to-date.
[master 9d045a7] init
 1 files changed, 4 insertions(+), 4 deletions(-)
Already up-to-date.
[master 44edde5] init
 1 files changed, 4 insertions(+), 4 deletions(-)
Already up-to-date.
[master 5c3631c] init
 1 files changed, 4 insertions(+), 4 deletions(-)
Already up-to-date.
[master 15d6712] init
 1 files changed, 4 insertions(+), 4 deletions(-)
Already up-to-date.
[master a5d4be9] init
 1 files changed, 4 insertions(+), 4 deletions(-)
Already up-to-date.
[master 57fe854] init
 1 files changed, 4 insertions(+), 4 deletions(-)
Already up-to-date.
[master c7461e5] init
 1 files changed, 4 insertions(+), 4 deletions(-)
Already up-to-date.
[master fda3b48] init
 1 files changed, 7 insertions(+), 7 deletions(-)
Already up-to-date.
[master 67bc93e] init
 1 files changed, 4 insertions(+), 4 deletions(-)
Already up-to-date.
[master 6dc39cc] init
 1 files changed, 5 insertions(+), 5 deletions(-)
Already up-to-date.
[master 6f33c53] init
 1 files changed, 5 insertions(+), 5 deletions(-)
Already up-to-date.
[master 3c88cf9] init
 1 files changed, 4 insertions(+), 4 deletions(-)
Already up-to-date.
[master 65a390c] init
 1 files changed, 16 insertions(+), 16 deletions(-)
Already up-to-date.
[master 39caaef] init
 1 files changed, 5 insertions(+), 5 deletions(-)
Already up-to-date.
[master 7c764fc] init
 1 files changed, 4 insertions(+), 4 deletions(-)
Already up-to-date.
[master 38c2e84] init
 1 files changed, 5 insertions(+), 5 deletions(-)
Already up-to-date.
[master baeb300] init
 1 files changed, 5 insertions(+), 5 deletions(-)
Already up-to-date.
[master 4224a98] init
 1 files changed, 5 insertions(+), 5 deletions(-)
Already up-to-date.
[master 2e0e884] init
 1 files changed, 4 insertions(+), 4 deletions(-)
Already up-to-date.
[master 95d0abe] init
 1 files changed, 4 insertions(+), 4 deletions(-)
Already up-to-date.
[master 84ac227] init
 1 files changed, 4 insertions(+), 4 deletions(-)
Already up-to-date.
[master 834a5a5] init
 1 files changed, 4 insertions(+), 4 deletions(-)
Already up-to-date.
[master 2bba074] init
 1 files changed, 4 insertions(+), 4 deletions(-)
Already up-to-date.
[master 027d7d7] init
 1 files changed, 4 insertions(+), 4 deletions(-)
Already up-to-date.
[master e99c8fa] init
 1 files changed, 4 insertions(+), 4 deletions(-)
Already up-to-date.
[master ba875c3] init
 1 files changed, 4 insertions(+), 4 deletions(-)
Already up-to-date.
[master ea8c951] init
 1 files changed, 4 insertions(+), 4 deletions(-)
Already up-to-date.
[master abfebc8] init
 1 files changed, 4 insertions(+), 4 deletions(-)
Already up-to-date.
[master 987c3e1] init
 1 files changed, 4 insertions(+), 4 deletions(-)
Already up-to-date.
[master 14e6f30] init
 1 files changed, 4 insertions(+), 4 deletions(-)
Already up-to-date.
[master 3971da0] init
 1 files changed, 4 insertions(+), 4 deletions(-)
Already up-to-date.
[master a486461] init
 1 files changed, 4 insertions(+), 4 deletions(-)
Already up-to-date.
[master 905e53b] init
 1 files changed, 4 insertions(+), 4 deletions(-)
Already up-to-date.
[master 0104064] init
 1 files changed, 4 insertions(+), 4 deletions(-)
Already up-to-date.
[master 56d1402] init
 1 files changed, 19 insertions(+), 19 deletions(-)
Already up-to-date.
[master 7178a91] init
 1 files changed, 4 insertions(+), 4 deletions(-)
Already up-to-date.
[master 18488d7] init
 1 files changed, 4 insertions(+), 4 deletions(-)
Already up-to-date.
[master f8f6bbc] init
 1 files changed, 4 insertions(+), 4 deletions(-)
Already up-to-date.
[master 43ba59e] init
 1 files changed, 4 insertions(+), 4 deletions(-)
Already up-to-date.
[master e84e2fc] init
 1 files changed, 4 insertions(+), 4 deletions(-)
Already up-to-date.
[master 4f8dedd] init
 1 files changed, 19 insertions(+), 19 deletions(-)
Already up-to-date.
[master 6bc983a] init
 1 files changed, 4 insertions(+), 4 deletions(-)
Already up-to-date.
[master 9d05924] init
 1 files changed, 4 insertions(+), 4 deletions(-)
Already up-to-date.
[master bc0a675] init
 1 files changed, 4 insertions(+), 4 deletions(-)
Already up-to-date.
[master 57b4d46] init
 1 files changed, 4 insertions(+), 4 deletions(-)
Already up-to-date.
[master 0763d83] init
 1 files changed, 4 insertions(+), 4 deletions(-)
Already up-to-date.
[master ae82542] init
 1 files changed, 4 insertions(+), 4 deletions(-)
Already up-to-date.
[master 52a1347] init
 1 files changed, 7 insertions(+), 7 deletions(-)
Already up-to-date.
[master e137ad2] init
 1 files changed, 4 insertions(+), 4 deletions(-)
Already up-to-date.
[master 1ac633d] init
 1 files changed, 7 insertions(+), 7 deletions(-)
Already up-to-date.
[master a4428d7] init
 1 files changed, 7 insertions(+), 7 deletions(-)
Already up-to-date.
[master 13a0ea9] init
 1 files changed, 4 insertions(+), 4 deletions(-)
Already up-to-date.
[master 596ca40] init
 1 files changed, 4 insertions(+), 4 deletions(-)
Already up-to-date. Yeeah!
Already up-to-date. Yeeah!
[master b4d322a] init
 1 files changed, 4 insertions(+), 4 deletions(-)
# On branch master
# Your branch is ahead of 'origin/master' by 1 commit.
#
nothing to commit (working directory clean)
Already up-to-date.
[master 94b2f8b] init
 1 files changed, 4 insertions(+), 4 deletions(-)
Already up-to-date.
[master 900c806] init
 1 files changed, 4 insertions(+), 4 deletions(-)
Already up-to-date.
[master fca1505] init
 1 files changed, 4 insertions(+), 4 deletions(-)
Already up-to-date.
[master 6b2a479] init
 1 files changed, 4 insertions(+), 4 deletions(-)
Already up-to-date.
[master ecd33a6] init
 1 files changed, 4 insertions(+), 4 deletions(-)
Already up-to-date.
[master af2a3d3] init
 1 files changed, 4 insertions(+), 4 deletions(-)
Already up-to-date.
[master 49d45ae] init
 1 files changed, 4 insertions(+), 4 deletions(-)
Already up-to-date.
[master 28b65e5] init
 1 files changed, 4 insertions(+), 4 deletions(-)
Already up-to-date.
[master 53521bb] init
 1 files changed, 14 insertions(+), 14 deletions(-)
Already up-to-date.
[master 1c16efa] init
 1 files changed, 4 insertions(+), 4 deletions(-)
Already up-to-date.
[master 0ca2543] init
 1 files changed, 4 insertions(+), 4 deletions(-)
Already up-to-date.
[master 5de250b] init
 1 files changed, 4 insertions(+), 4 deletions(-)
Already up-to-date.
[master 1d54ef9] init
 1 files changed, 4 insertions(+), 4 deletions(-)
Already up-to-date.
[master 43b041d] init
 1 files changed, 4 insertions(+), 4 deletions(-)
Already up-to-date.
[master 10eee4a] init
 1 files changed, 4 insertions(+), 4 deletions(-)
Already up-to-date.
[master 8178819] init
 1 files changed, 4 insertions(+), 4 deletions(-)
Already up-to-date.
[master 8c89d0b] init
 1 files changed, 4 insertions(+), 4 deletions(-)
Already up-to-date.
[master 3b229b9] init
 1 files changed, 4 insertions(+), 4 deletions(-)
Already up-to-date.
[master 5831220] init
 1 files changed, 4 insertions(+), 4 deletions(-)
Already up-to-date.
[master 8ed39d5] init
 1 files changed, 4 insertions(+), 4 deletions(-)
Already up-to-date.
[master 92b758f] init
 1 files changed, 4 insertions(+), 4 deletions(-)
Already up-to-date.
[master e5a56dd] init
 1 files changed, 4 insertions(+), 4 deletions(-)
Already up-to-date.
[master 026cd54] init
 1 files changed, 4 insertions(+), 4 deletions(-)
Already up-to-date.
[master e680525] init
 1 files changed, 4 insertions(+), 4 deletions(-)
Already up-to-date.
[master 4d914d1] init
 1 files changed, 4 insertions(+), 4 deletions(-)
Already up-to-date.
[master 7b1c53f] init
 1 files changed, 4 insertions(+), 4 deletions(-)
Already up-to-date.
[master b8a428e] init
 1 files changed, 4 insertions(+), 4 deletions(-)
Already up-to-date.
[master 5303984] init
 1 files changed, 4 insertions(+), 4 deletions(-)
Already up-to-date.
[master c7d44c7] init
 1 files changed, 4 insertions(+), 4 deletions(-)
Already up-to-date.
[master a1552f8] init
 1 files changed, 4 insertions(+), 4 deletions(-)
Already up-to-date.
[master 9c5384a] init
 1 files changed, 21 insertions(+), 21 deletions(-)
Already up-to-date.
[master ad8103d] init
 1 files changed, 4 insertions(+), 4 deletions(-)
Already up-to-date.
[master cce89d9] init
 1 files changed, 4 insertions(+), 4 deletions(-)
Already up-to-date.
[master 096baa9] init
 1 files changed, 4 insertions(+), 4 deletions(-)
Already up-to-date.
[master cb647c2] init
 1 files changed, 4 insertions(+), 4 deletions(-)
Already up-to-date.
[master dd37342] init
 1 files changed, 21 insertions(+), 21 deletions(-)
Already up-to-date.
[master 239328d] init
 1 files changed, 4 insertions(+), 4 deletions(-)
Already up-to-date.
[master 48d6feb] init
 1 files changed, 4 insertions(+), 4 deletions(-)
Already up-to-date.
[master 6d1ed84] init
 1 files changed, 4 insertions(+), 4 deletions(-)
Already up-to-date.
[master 9c3a6b7] init
 1 files changed, 4 insertions(+), 4 deletions(-)
Already up-to-date.
[master bf1d7c3] init
 1 files changed, 4 insertions(+), 4 deletions(-)
Already up-to-date.
[master 71874be] init
 1 files changed, 4 insertions(+), 4 deletions(-)
Already up-to-date.
[master 254f5dd] init
 1 files changed, 4 insertions(+), 4 deletions(-)
Already up-to-date.
[master 6dc20d5] init
 1 files changed, 4 insertions(+), 4 deletions(-)
Already up-to-date.
[master 27044f5] init
 1 files changed, 4 insertions(+), 4 deletions(-)
Already up-to-date.
[master 3fe8ff2] init
 1 files changed, 4 insertions(+), 4 deletions(-)
Already up-to-date.
[master 7661aa3] init
 1 files changed, 4 insertions(+), 4 deletions(-)
Already up-to-date.
[master 56c1670] init
 1 files changed, 4 insertions(+), 4 deletions(-)
Already up-to-date.
[master 73b613f] init
 1 files changed, 4 insertions(+), 4 deletions(-)
Already up-to-date.
[master b87c3c8] init
 1 files changed, 4 insertions(+), 4 deletions(-)
Already up-to-date.
[master 8914df4] init
 1 files changed, 4 insertions(+), 4 deletions(-)
Already up-to-date.
[master d672115] init
 1 files changed, 4 insertions(+), 4 deletions(-)
Already up-to-date.
[master 26b8a3e] init
 1 files changed, 4 insertions(+), 4 deletions(-)
Already up-to-date.
[master 5ce39d7] init
 1 files changed, 4 insertions(+), 4 deletions(-)
Already up-to-date.
[master c2f3985] init
 1 files changed, 4 insertions(+), 4 deletions(-)
Already up-to-date.
[master bf03238] init
 1 files changed, 4 insertions(+), 4 deletions(-)
Already up-to-date.
[master 30162c6] init
 1 files changed, 4 insertions(+), 4 deletions(-)
Already up-to-date.
[master b6a88f5] init
 1 files changed, 4 insertions(+), 4 deletions(-)
Already up-to-date.
[master b4d986f] init
 1 files changed, 4 insertions(+), 4 deletions(-)
Already up-to-date.
[master fbf1bac] init
 1 files changed, 4 insertions(+), 4 deletions(-)
Already up-to-date.
[master 6ddf48f] init
 1 files changed, 4 insertions(+), 4 deletions(-)
Already up-to-date.
[master 9571cbb] init
 1 files changed, 4 insertions(+), 4 deletions(-)
Already up-to-date.
[master e6a4ff0] init
 1 files changed, 11 insertions(+), 11 deletions(-)
Already up-to-date.
[master 0046c7e] init
 1 files changed, 4 insertions(+), 4 deletions(-)
Already up-to-date.
[master 0a737fd] init
 1 files changed, 4 insertions(+), 4 deletions(-)
Already up-to-date.
[master 87610a4] init
 1 files changed, 4 insertions(+), 4 deletions(-)
Already up-to-date.
[master 3946544] init
 1 files changed, 4 insertions(+), 4 deletions(-)
Already up-to-date.
[master 738f3e1] init
 1 files changed, 4 insertions(+), 4 deletions(-)
Already up-to-date.
[master 86d6ee0] init
 1 files changed, 87 insertions(+), 91 deletions(-)
Already up-to-date.
[master 6c5262d] init
 1 files changed, 92 insertions(+), 92 deletions(-)
Already up-to-date.
[master 0adfd1c] init
 1 files changed, 38 insertions(+), 40 deletions(-)
Already up-to-date.
[master 60bdc30] init
 1 files changed, 68 insertions(+), 66 deletions(-)
Already up-to-date.
[master 8c17983] init
 1 files changed, 21 insertions(+), 21 deletions(-)
Already up-to-date.
[master 50533c6] init
 1 files changed, 61 insertions(+), 62 deletions(-)
Already up-to-date.
[master 003f9bb] init
 1 files changed, 19 insertions(+), 18 deletions(-)
Already up-to-date.
[master e2a7b04] init
 1 files changed, 29 insertions(+), 30 deletions(-)
Already up-to-date.
[master d9bf722] init
 1 files changed, 18 insertions(+), 18 deletions(-)
Already up-to-date.
[master 25f03cd] init
 1 files changed, 84 insertions(+), 86 deletions(-)
Already up-to-date.
[master 949e807] init
 1 files changed, 27 insertions(+), 27 deletions(-)
Already up-to-date.
[master 8edc88e] init
 1 files changed, 16 insertions(+), 16 deletions(-)
Already up-to-date.
# On branch master
nothing to commit (working directory clean)
Already up-to-date.
# On branch master
nothing to commit (working directory clean)
Already up-to-date.
[master 795a434] init
 1 files changed, 30 insertions(+), 30 deletions(-)
Already up-to-date.
[master 8c58d80] init
 1 files changed, 18 insertions(+), 18 deletions(-)
Already up-to-date.
[master 3f4243d] init
 1 files changed, 13 insertions(+), 13 deletions(-)
Already up-to-date.
[master 1ef469b] init
 1 files changed, 8 insertions(+), 8 deletions(-)
Already up-to-date.
[master 2e41174] init
 1 files changed, 19 insertions(+), 18 deletions(-)
Already up-to-date.
[master 96a3fd3] init
 1 files changed, 8 insertions(+), 8 deletions(-)
Already up-to-date.
[master e5b8ca2] init
 1 files changed, 17 insertions(+), 17 deletions(-)
Already up-to-date.
[master 2d01e72] init
 1 files changed, 8 insertions(+), 8 deletions(-)
Already up-to-date.
[master bb6f4db] init
 1 files changed, 6 insertions(+), 6 deletions(-)
Already up-to-date.
# On branch master
nothing to commit (working directory clean)
Already up-to-date.
[master 829cf64] init
 1 files changed, 64 insertions(+), 63 deletions(-)
Already up-to-date.
[master 79d59e9] init
 1 files changed, 83 insertions(+), 82 deletions(-)
Already up-to-date.
[master 505f9ec] init
 1 files changed, 69 insertions(+), 68 deletions(-)
Already up-to-date.
[master 0e525c6] init
 1 files changed, 46 insertions(+), 41 deletions(-)
Already up-to-date.
[master 9d1acea] init
 1 files changed, 58 insertions(+), 64 deletions(-)
Already up-to-date.
# On branch master
nothing to commit (working directory clean)
Already up-to-date.
[master a913d57] init
 1 files changed, 28 insertions(+), 28 deletions(-)
Already up-to-date.
# On branch master
nothing to commit (working directory clean)
Already up-to-date.
[master a90aa5a] init
 1 files changed, 102 insertions(+), 99 deletions(-)
Already up-to-date.
[master 83b6d87] init
 1 files changed, 8 insertions(+), 8 deletions(-)
Already up-to-date.
[master 7c12c0f] init
 1 files changed, 58 insertions(+), 57 deletions(-)
Already up-to-date.
[master e3513ab] init
 1 files changed, 15 insertions(+), 15 deletions(-)
Already up-to-date.
[master ccd9ab0] init
 1 files changed, 14 insertions(+), 14 deletions(-)
Already up-to-date.
[master aa9f1bb] init
 1 files changed, 25 insertions(+), 181 deletions(-)
# On branch master
nothing to commit (working directory clean)
Already up-to-date.
[master 44e577e] init
 1 files changed, 259 insertions(+), 97 deletions(-)
Already up-to-date.
[master 10fff6c] init
 1 files changed, 15 insertions(+), 15 deletions(-)
Already up-to-date.
# On branch master
nothing to commit (working directory clean)
Already up-to-date.
# On branch master
nothing to commit (working directory clean)
Already up-to-date.
[master a7423ee] init
 1 files changed, 36 insertions(+), 41 deletions(-)
Already up-to-date.
[master 24f93eb] init
 1 files changed, 19 insertions(+), 19 deletions(-)
Already up-to-date.
[master 67e0a0b] init
 1 files changed, 5 insertions(+), 5 deletions(-)
Already up-to-date.
[master b111b2b] init
 1 files changed, 75 insertions(+), 78 deletions(-)
Already up-to-date.
[master c6ebe9b] init
 1 files changed, 7 insertions(+), 7 deletions(-)
Already up-to-date.
[master 703d9fc] init
 1 files changed, 17 insertions(+), 18 deletions(-)
Already up-to-date.
[master e1b0c1a] init
 1 files changed, 13 insertions(+), 13 deletions(-)
Already up-to-date.
[master dc04bbd] init
 1 files changed, 67 insertions(+), 67 deletions(-)
Already up-to-date.
[master b729245] init
 1 files changed, 40 insertions(+), 41 deletions(-)
Already up-to-date.
[master eefe83a] init
 1 files changed, 42 insertions(+), 42 deletions(-)
Already up-to-date.
[master 4ca51c3] init
 1 files changed, 66 insertions(+), 69 deletions(-)
Updating 4ca51c3..80f6178
Fast-forward
 vip/api.html |    7 ++++++-
 1 files changed, 6 insertions(+), 1 deletions(-)
[master b76ae8f] init
 1 files changed, 48 insertions(+), 46 deletions(-)
Already up-to-date.
[master 774b9d2] init
 1 files changed, 23 insertions(+), 21 deletions(-)
Already up-to-date.
[master 1d0624b] init
 1 files changed, 4 insertions(+), 4 deletions(-)
Auto-merging 404.html
Auto-merging about/index.html
Auto-merging archives/2016/03/index.html
Auto-merging archives/2016/index.html
Auto-merging archives/2017/03/index.html
Auto-merging archives/2017/08/index.html
CONFLICT (add/add): Merge conflict in archives/2017/08/index.html
Auto-merging archives/2017/index.html
CONFLICT (content): Merge conflict in archives/2017/index.html
Auto-merging archives/index.html
CONFLICT (content): Merge conflict in archives/index.html
Auto-merging atom.xml
CONFLICT (content): Merge conflict in atom.xml
Auto-merging baidu_verify_3P3SSND5rJ.html
Auto-merging baidusitemap.xm
CONFLICT (content): Merge conflict in baidusitemap.xm
Auto-merging blogs/2016-03-14-firstblog.html
Auto-merging blogs/2017-03-15-music-test.html
Auto-merging blogs/2017-03-15-photos1.html
Auto-merging blogs/2017-03-20-second.html
Auto-merging categories/学习/index.html
CONFLICT (add/add): Merge conflict in categories/学习/index.html
Auto-merging categories/生活/index.html
Auto-merging content.json
CONFLICT (content): Merge conflict in content.json
Auto-merging fristPage/index.html
Auto-merging index.html
CONFLICT (content): Merge conflict in index.html
Auto-merging tags/hexo/index.html
Auto-merging tags/python/index.html
CONFLICT (add/add): Merge conflict in tags/python/index.html
Auto-merging tags/博客/index.html
Auto-merging tags/学习笔记/index.html
CONFLICT (add/add): Merge conflict in tags/学习笔记/index.html
Auto-merging tags/摇滚/index.html
Auto-merging tags/春天/index.html
Auto-merging tags/测试/index.html
CONFLICT (add/add): Merge conflict in tags/测试/index.html
Auto-merging tags/相册/index.html
Auto-merging tags/音乐/index.html
Automatic merge failed; fix conflicts and then commit the result.
